TpTrace Verbose: 0 : 28192, 1, 2022/05/16, 19:56:53.242, 14850741733663, vstest.console.dll, Version: 16.11.0
TpTrace Information: 0 : 28192, 1, 2022/05/16, 19:56:53.329, 14850742580107, vstest.console.dll, FilePatternParser: The given file C:\Users\atylla.cruz\source\repos\Project.Metodista\Projeto.Unitario.Tests\bin\Debug\net5.0\fine-code-coverage\build-output\Projeto.Unitario.Tests.dll is a full path.
TpTrace Verbose: 0 : 28192, 1, 2022/05/16, 19:56:53.355, 14850742836759, vstest.console.dll, TestPluginCache.DiscoverTestExtensions: finding test extensions in assemblies ends with: RuntimeProvider.dll TPluginInfo: Microsoft.VisualStudio.TestPlatform.Common.ExtensionFramework.Utilities.TestRuntimePluginInformation TExtension: Microsoft.VisualStudio.TestPlatform.ObjectModel.Host.ITestRuntimeProvider
TpTrace Verbose: 0 : 28192, 1, 2022/05/16, 19:56:53.356, 14850742852284, vstest.console.dll, TestPluginCache.GetExtensionPaths: Filtered extension paths: 
TpTrace Verbose: 0 : 28192, 1, 2022/05/16, 19:56:53.357, 14850742854198, vstest.console.dll, TestPluginCache.GetExtensionPaths: Added default extension paths: C:\Program Files\dotnet\sdk\5.0.404\Extensions\Microsoft.Diagnostics.NETCore.Client.dll
C:\Program Files\dotnet\sdk\5.0.404\Extensions\Microsoft.TestPlatform.Extensions.BlameDataCollector.dll
C:\Program Files\dotnet\sdk\5.0.404\Extensions\Microsoft.TestPlatform.Extensions.EventLogCollector.dll
C:\Program Files\dotnet\sdk\5.0.404\Extensions\Microsoft.TestPlatform.TestHostRuntimeProvider.dll
C:\Program Files\dotnet\sdk\5.0.404\Extensions\Microsoft.VisualStudio.TestPlatform.Extensions.Html.TestLogger.dll
C:\Program Files\dotnet\sdk\5.0.404\Extensions\Microsoft.VisualStudio.TestPlatform.Extensions.Trx.TestLogger.dll
TpTrace Verbose: 0 : 28192, 1, 2022/05/16, 19:56:53.357, 14850742855039, vstest.console.dll, TestPluginCache.GetExtensionPaths: Added unfilterableExtensionPaths: 
TpTrace Information: 0 : 28192, 1, 2022/05/16, 19:56:53.358, 14850742872615, vstest.console.dll, AssemblyResolver.ctor: Creating AssemblyResolver with searchDirectories C:\Program Files\dotnet\sdk\5.0.404\Extensions,C:\Program Files\dotnet\sdk\5.0.404
TpTrace Verbose: 0 : 28192, 1, 2022/05/16, 19:56:53.360, 14850742893132, vstest.console.dll, TestPluginCache.DiscoverTestExtensions: Discovering the extensions using extension path.
TpTrace Verbose: 0 : 28192, 1, 2022/05/16, 19:56:53.361, 14850742897291, vstest.console.dll, TestPluginCache.GetExtensionPaths: Filtered extension paths: 
TpTrace Verbose: 0 : 28192, 1, 2022/05/16, 19:56:53.361, 14850742898749, vstest.console.dll, TestPluginCache.GetExtensionPaths: Added default extension paths: C:\Program Files\dotnet\sdk\5.0.404\Extensions\Microsoft.Diagnostics.NETCore.Client.dll
C:\Program Files\dotnet\sdk\5.0.404\Extensions\Microsoft.TestPlatform.Extensions.BlameDataCollector.dll
C:\Program Files\dotnet\sdk\5.0.404\Extensions\Microsoft.TestPlatform.Extensions.EventLogCollector.dll
C:\Program Files\dotnet\sdk\5.0.404\Extensions\Microsoft.TestPlatform.TestHostRuntimeProvider.dll
C:\Program Files\dotnet\sdk\5.0.404\Extensions\Microsoft.VisualStudio.TestPlatform.Extensions.Html.TestLogger.dll
C:\Program Files\dotnet\sdk\5.0.404\Extensions\Microsoft.VisualStudio.TestPlatform.Extensions.Trx.TestLogger.dll
TpTrace Verbose: 0 : 28192, 1, 2022/05/16, 19:56:53.361, 14850742899645, vstest.console.dll, TestPluginCache.GetExtensionPaths: Added unfilterableExtensionPaths: 
TpTrace Verbose: 0 : 28192, 1, 2022/05/16, 19:56:53.361, 14850742901649, vstest.console.dll, TestPluginCache.DiscoverTestExtensions: Discovering the extensions using allExtensionPaths: C:\Program Files\dotnet\sdk\5.0.404\Extensions\Microsoft.Diagnostics.NETCore.Client.dll
C:\Program Files\dotnet\sdk\5.0.404\Extensions\Microsoft.TestPlatform.Extensions.BlameDataCollector.dll
C:\Program Files\dotnet\sdk\5.0.404\Extensions\Microsoft.TestPlatform.Extensions.EventLogCollector.dll
C:\Program Files\dotnet\sdk\5.0.404\Extensions\Microsoft.TestPlatform.TestHostRuntimeProvider.dll
C:\Program Files\dotnet\sdk\5.0.404\Extensions\Microsoft.VisualStudio.TestPlatform.Extensions.Html.TestLogger.dll
C:\Program Files\dotnet\sdk\5.0.404\Extensions\Microsoft.VisualStudio.TestPlatform.Extensions.Trx.TestLogger.dll
TpTrace Information: 0 : 28192, 1, 2022/05/16, 19:56:53.362, 14850742905369, vstest.console.dll, AssemblyResolver.AddSearchDirectories: Adding more searchDirectories C:\Program Files\dotnet\sdk\5.0.404\Extensions,C:\Program Files\dotnet\sdk\5.0.404
TpTrace Information: 0 : 28192, 1, 2022/05/16, 19:56:53.362, 14850742906895, vstest.console.dll, AssemblyResolver.AddSearchDirectories: Adding more searchDirectories C:\Program Files\dotnet\sdk\5.0.404\Extensions,C:\Program Files\dotnet\sdk\5.0.404
TpTrace Information: 0 : 28192, 1, 2022/05/16, 19:56:53.362, 14850742907955, vstest.console.dll, AssemblyResolver.AddSearchDirectories: Adding more searchDirectories C:\Program Files\dotnet\sdk\5.0.404\Extensions,C:\Program Files\dotnet\sdk\5.0.404
TpTrace Information: 0 : 28192, 1, 2022/05/16, 19:56:53.362, 14850742908777, vstest.console.dll, AssemblyResolver.AddSearchDirectories: Adding more searchDirectories C:\Program Files\dotnet\sdk\5.0.404\Extensions,C:\Program Files\dotnet\sdk\5.0.404
TpTrace Information: 0 : 28192, 1, 2022/05/16, 19:56:53.362, 14850742909528, vstest.console.dll, AssemblyResolver.AddSearchDirectories: Adding more searchDirectories C:\Program Files\dotnet\sdk\5.0.404\Extensions,C:\Program Files\dotnet\sdk\5.0.404
TpTrace Information: 0 : 28192, 1, 2022/05/16, 19:56:53.362, 14850742910125, vstest.console.dll, AssemblyResolver.AddSearchDirectories: Adding more searchDirectories C:\Program Files\dotnet\sdk\5.0.404\Extensions,C:\Program Files\dotnet\sdk\5.0.404
TpTrace Information: 0 : 28192, 1, 2022/05/16, 19:56:53.363, 14850742922975, vstest.console.dll, AssemblyResolver.OnResolve: Microsoft.Diagnostics.NETCore.Client: Resolving assembly.
TpTrace Information: 0 : 28192, 1, 2022/05/16, 19:56:53.364, 14850742929289, vstest.console.dll, AssemblyResolver.OnResolve: Microsoft.Diagnostics.NETCore.Client: Searching in: 'C:\Program Files\dotnet\sdk\5.0.404\Extensions'.
TpTrace Information: 0 : 28192, 1, 2022/05/16, 19:56:53.368, 14850742965287, vstest.console.dll, AssemblyResolver.OnResolve: Microsoft.Diagnostics.NETCore.Client: Loading assembly 'C:\Program Files\dotnet\sdk\5.0.404\Extensions\Microsoft.Diagnostics.NETCore.Client.dll'.
TpTrace Information: 0 : 28192, 1, 2022/05/16, 19:56:53.372, 14850743004431, vstest.console.dll, AssemblyResolver.OnResolve: Resolved assembly: Microsoft.Diagnostics.NETCore.Client, from path: C:\Program Files\dotnet\sdk\5.0.404\Extensions\Microsoft.Diagnostics.NETCore.Client.dll
TpTrace Information: 0 : 28192, 1, 2022/05/16, 19:56:53.380, 14850743084315, vstest.console.dll, AssemblyResolver.OnResolve: Microsoft.Bcl.AsyncInterfaces: Resolving assembly.
TpTrace Information: 0 : 28192, 1, 2022/05/16, 19:56:53.380, 14850743086202, vstest.console.dll, AssemblyResolver.OnResolve: Microsoft.Bcl.AsyncInterfaces: Searching in: 'C:\Program Files\dotnet\sdk\5.0.404\Extensions'.
TpTrace Information: 0 : 28192, 1, 2022/05/16, 19:56:53.380, 14850743088574, vstest.console.dll, AssemblyResolver.OnResolve: Microsoft.Bcl.AsyncInterfaces: Assembly path does not exist: 'C:\Program Files\dotnet\sdk\5.0.404\Extensions\Microsoft.Bcl.AsyncInterfaces.dll', returning.
TpTrace Information: 0 : 28192, 1, 2022/05/16, 19:56:53.380, 14850743089918, vstest.console.dll, AssemblyResolver.OnResolve: Microsoft.Bcl.AsyncInterfaces: Assembly path does not exist: 'C:\Program Files\dotnet\sdk\5.0.404\Extensions\Microsoft.Bcl.AsyncInterfaces.exe', returning.
TpTrace Information: 0 : 28192, 1, 2022/05/16, 19:56:53.380, 14850743090640, vstest.console.dll, AssemblyResolver.OnResolve: Microsoft.Bcl.AsyncInterfaces: Searching in: 'C:\Program Files\dotnet\sdk\5.0.404'.
TpTrace Information: 0 : 28192, 1, 2022/05/16, 19:56:53.380, 14850743091886, vstest.console.dll, AssemblyResolver.OnResolve: Microsoft.Bcl.AsyncInterfaces: Assembly path does not exist: 'C:\Program Files\dotnet\sdk\5.0.404\Microsoft.Bcl.AsyncInterfaces.dll', returning.
TpTrace Information: 0 : 28192, 1, 2022/05/16, 19:56:53.380, 14850743093502, vstest.console.dll, AssemblyResolver.OnResolve: Microsoft.Bcl.AsyncInterfaces: Assembly path does not exist: 'C:\Program Files\dotnet\sdk\5.0.404\Microsoft.Bcl.AsyncInterfaces.exe', returning.
TpTrace Information: 0 : 28192, 1, 2022/05/16, 19:56:53.381, 14850743094863, vstest.console.dll, AssemblyResolver.OnResolve: Microsoft.Bcl.AsyncInterfaces: Failed to load assembly.
TpTrace Verbose: 0 : 28192, 1, 2022/05/16, 19:56:53.381, 14850743095900, vstest.console.dll, CurrentDomainAssemblyResolve: Resolving assembly 'Microsoft.Bcl.AsyncInterfaces'.
TpTrace Information: 0 : 28192, 1, 2022/05/16, 19:56:53.381, 14850743097837, vstest.console.dll, AssemblyResolver.OnResolve: Microsoft.Bcl.AsyncInterfaces: Resolving assembly.
TpTrace Information: 0 : 28192, 1, 2022/05/16, 19:56:53.381, 14850743098672, vstest.console.dll, AssemblyResolver.OnResolve: Microsoft.Bcl.AsyncInterfaces: Resolved from cache.
TpTrace Verbose: 0 : 28192, 1, 2022/05/16, 19:56:53.381, 14850743099585, vstest.console.dll, CurrentDomainAssemblyResolve: Resolving assembly 'Microsoft.Bcl.AsyncInterfaces'.
TpTrace Verbose: 0 : 28192, 1, 2022/05/16, 19:56:53.381, 14850743100454, vstest.console.dll, CurrentDomainAssemblyResolve: Failed to resolve assembly 'Microsoft.Bcl.AsyncInterfaces'.
TpTrace Verbose: 0 : 28192, 1, 2022/05/16, 19:56:53.383, 14850743117097, vstest.console.dll, CurrentDomainAssemblyResolve: Failed to resolve assembly 'Microsoft.Bcl.AsyncInterfaces'.
TpTrace Warning: 0 : 28192, 1, 2022/05/16, 19:56:53.429, 14850743574312, vstest.console.dll, TestPluginDiscoverer: Failed to get types from assembly 'Microsoft.Diagnostics.NETCore.Client, Version=0.2.2.41902, Culture=neutral, PublicKeyToken=31bf3856ad364e35'.  Skipping test extension scan for this assembly.  Error: System.Reflection.ReflectionTypeLoadException: Unable to load one or more of the requested types.
Could not load file or assembly 'Microsoft.Bcl.AsyncInterfaces, Version=1.0.0.0, Culture=neutral, PublicKeyToken=cc7b13ffcd2ddd51'. O sistema não pode encontrar o arquivo especificado.
   at System.Reflection.RuntimeModule.GetTypes(RuntimeModule module)
   at System.Reflection.RuntimeModule.GetTypes()
   at System.Reflection.Assembly.GetTypes()
   at Microsoft.VisualStudio.TestPlatform.Common.ExtensionFramework.TestPluginDiscoverer.GetTestExtensionsFromAssembly[TPluginInfo,TExtension](Assembly assembly, Dictionary`2 pluginInfos)
System.IO.FileNotFoundException: Could not load file or assembly 'Microsoft.Bcl.AsyncInterfaces, Version=1.0.0.0, Culture=neutral, PublicKeyToken=cc7b13ffcd2ddd51'. O sistema não pode encontrar o arquivo especificado.
File name: 'Microsoft.Bcl.AsyncInterfaces, Version=1.0.0.0, Culture=neutral, PublicKeyToken=cc7b13ffcd2ddd51'
TpTrace Warning: 0 : 28192, 1, 2022/05/16, 19:56:53.429, 14850743577797, vstest.console.dll, LoaderExceptions: System.IO.FileNotFoundException: Could not load file or assembly 'Microsoft.Bcl.AsyncInterfaces, Version=1.0.0.0, Culture=neutral, PublicKeyToken=cc7b13ffcd2ddd51'. O sistema não pode encontrar o arquivo especificado.
File name: 'Microsoft.Bcl.AsyncInterfaces, Version=1.0.0.0, Culture=neutral, PublicKeyToken=cc7b13ffcd2ddd51'
TpTrace Information: 0 : 28192, 1, 2022/05/16, 19:56:53.429, 14850743580156, vstest.console.dll, AssemblyResolver.OnResolve: Microsoft.TestPlatform.Extensions.BlameDataCollector: Resolving assembly.
TpTrace Information: 0 : 28192, 1, 2022/05/16, 19:56:53.429, 14850743581008, vstest.console.dll, AssemblyResolver.OnResolve: Microsoft.TestPlatform.Extensions.BlameDataCollector: Searching in: 'C:\Program Files\dotnet\sdk\5.0.404\Extensions'.
TpTrace Information: 0 : 28192, 1, 2022/05/16, 19:56:53.432, 14850743609524, vstest.console.dll, AssemblyResolver.OnResolve: Microsoft.TestPlatform.Extensions.BlameDataCollector: Loading assembly 'C:\Program Files\dotnet\sdk\5.0.404\Extensions\Microsoft.TestPlatform.Extensions.BlameDataCollector.dll'.
TpTrace Information: 0 : 28192, 1, 2022/05/16, 19:56:53.436, 14850743649170, vstest.console.dll, AssemblyResolver.OnResolve: Resolved assembly: Microsoft.TestPlatform.Extensions.BlameDataCollector, from path: C:\Program Files\dotnet\sdk\5.0.404\Extensions\Microsoft.TestPlatform.Extensions.BlameDataCollector.dll
TpTrace Information: 0 : 28192, 1, 2022/05/16, 19:56:53.439, 14850743676751, vstest.console.dll, AssemblyResolver.OnResolve: Microsoft.TestPlatform.Extensions.EventLogCollector: Resolving assembly.
TpTrace Information: 0 : 28192, 1, 2022/05/16, 19:56:53.439, 14850743678394, vstest.console.dll, AssemblyResolver.OnResolve: Microsoft.TestPlatform.Extensions.EventLogCollector: Searching in: 'C:\Program Files\dotnet\sdk\5.0.404\Extensions'.
TpTrace Information: 0 : 28192, 1, 2022/05/16, 19:56:53.440, 14850743692072, vstest.console.dll, AssemblyResolver.OnResolve: Microsoft.TestPlatform.Extensions.EventLogCollector: Loading assembly 'C:\Program Files\dotnet\sdk\5.0.404\Extensions\Microsoft.TestPlatform.Extensions.EventLogCollector.dll'.
TpTrace Information: 0 : 28192, 1, 2022/05/16, 19:56:53.441, 14850743703728, vstest.console.dll, AssemblyResolver.OnResolve: Resolved assembly: Microsoft.TestPlatform.Extensions.EventLogCollector, from path: C:\Program Files\dotnet\sdk\5.0.404\Extensions\Microsoft.TestPlatform.Extensions.EventLogCollector.dll
TpTrace Information: 0 : 28192, 1, 2022/05/16, 19:56:53.444, 14850743725809, vstest.console.dll, AssemblyResolver.OnResolve: Microsoft.TestPlatform.TestHostRuntimeProvider: Resolving assembly.
TpTrace Information: 0 : 28192, 1, 2022/05/16, 19:56:53.444, 14850743727136, vstest.console.dll, AssemblyResolver.OnResolve: Microsoft.TestPlatform.TestHostRuntimeProvider: Searching in: 'C:\Program Files\dotnet\sdk\5.0.404\Extensions'.
TpTrace Information: 0 : 28192, 1, 2022/05/16, 19:56:53.445, 14850743736847, vstest.console.dll, AssemblyResolver.OnResolve: Microsoft.TestPlatform.TestHostRuntimeProvider: Loading assembly 'C:\Program Files\dotnet\sdk\5.0.404\Extensions\Microsoft.TestPlatform.TestHostRuntimeProvider.dll'.
TpTrace Information: 0 : 28192, 1, 2022/05/16, 19:56:53.446, 14850743749939, vstest.console.dll, AssemblyResolver.OnResolve: Resolved assembly: Microsoft.TestPlatform.TestHostRuntimeProvider, from path: C:\Program Files\dotnet\sdk\5.0.404\Extensions\Microsoft.TestPlatform.TestHostRuntimeProvider.dll
TpTrace Information: 0 : 28192, 1, 2022/05/16, 19:56:53.450, 14850743790982, vstest.console.dll, AssemblyResolver.OnResolve: Microsoft.VisualStudio.TestPlatform.Extensions.Html.TestLogger: Resolving assembly.
TpTrace Information: 0 : 28192, 1, 2022/05/16, 19:56:53.450, 14850743792390, vstest.console.dll, AssemblyResolver.OnResolve: Microsoft.VisualStudio.TestPlatform.Extensions.Html.TestLogger: Searching in: 'C:\Program Files\dotnet\sdk\5.0.404\Extensions'.
TpTrace Information: 0 : 28192, 1, 2022/05/16, 19:56:53.452, 14850743806743, vstest.console.dll, AssemblyResolver.OnResolve: Microsoft.VisualStudio.TestPlatform.Extensions.Html.TestLogger: Loading assembly 'C:\Program Files\dotnet\sdk\5.0.404\Extensions\Microsoft.VisualStudio.TestPlatform.Extensions.Html.TestLogger.dll'.
TpTrace Information: 0 : 28192, 1, 2022/05/16, 19:56:53.454, 14850743824429, vstest.console.dll, AssemblyResolver.OnResolve: Resolved assembly: Microsoft.VisualStudio.TestPlatform.Extensions.Html.TestLogger, from path: C:\Program Files\dotnet\sdk\5.0.404\Extensions\Microsoft.VisualStudio.TestPlatform.Extensions.Html.TestLogger.dll
TpTrace Information: 0 : 28192, 1, 2022/05/16, 19:56:53.455, 14850743834572, vstest.console.dll, AssemblyResolver.OnResolve: Microsoft.VisualStudio.TestPlatform.Extensions.Trx.TestLogger: Resolving assembly.
TpTrace Information: 0 : 28192, 1, 2022/05/16, 19:56:53.455, 14850743836398, vstest.console.dll, AssemblyResolver.OnResolve: Microsoft.VisualStudio.TestPlatform.Extensions.Trx.TestLogger: Searching in: 'C:\Program Files\dotnet\sdk\5.0.404\Extensions'.
TpTrace Information: 0 : 28192, 1, 2022/05/16, 19:56:53.457, 14850743855847, vstest.console.dll, AssemblyResolver.OnResolve: Microsoft.VisualStudio.TestPlatform.Extensions.Trx.TestLogger: Loading assembly 'C:\Program Files\dotnet\sdk\5.0.404\Extensions\Microsoft.VisualStudio.TestPlatform.Extensions.Trx.TestLogger.dll'.
TpTrace Information: 0 : 28192, 1, 2022/05/16, 19:56:53.460, 14850743887969, vstest.console.dll, AssemblyResolver.OnResolve: Resolved assembly: Microsoft.VisualStudio.TestPlatform.Extensions.Trx.TestLogger, from path: C:\Program Files\dotnet\sdk\5.0.404\Extensions\Microsoft.VisualStudio.TestPlatform.Extensions.Trx.TestLogger.dll
TpTrace Verbose: 0 : 28192, 1, 2022/05/16, 19:56:53.461, 14850743897633, vstest.console.dll, TestPluginCache: Discovered the extensions using extension path ''.
TpTrace Verbose: 0 : 28192, 1, 2022/05/16, 19:56:53.461, 14850743898878, vstest.console.dll, TestPluginCache: Discoverers are ''.
TpTrace Verbose: 0 : 28192, 1, 2022/05/16, 19:56:53.461, 14850743899251, vstest.console.dll, TestPluginCache: Executors are ''.
TpTrace Verbose: 0 : 28192, 1, 2022/05/16, 19:56:53.461, 14850743899847, vstest.console.dll, TestPluginCache: Executors2 are ''.
TpTrace Verbose: 0 : 28192, 1, 2022/05/16, 19:56:53.461, 14850743900325, vstest.console.dll, TestPluginCache: Setting providers are ''.
TpTrace Verbose: 0 : 28192, 1, 2022/05/16, 19:56:53.461, 14850743900903, vstest.console.dll, TestPluginCache: Loggers are ''.
TpTrace Information: 0 : 28192, 1, 2022/05/16, 19:56:53.473, 14850744018930, vstest.console.dll, RunTestsArgumentProcessor:Execute: Test run is starting.
TpTrace Verbose: 0 : 28192, 1, 2022/05/16, 19:56:53.473, 14850744020424, vstest.console.dll, RunTestsArgumentProcessor:Execute: Queuing Test run.
TpTrace Information: 0 : 28192, 1, 2022/05/16, 19:56:53.474, 14850744024322, vstest.console.dll, TestRequestManager.RunTests: run tests started.
TpTrace Information: 0 : 28192, 1, 2022/05/16, 19:56:53.479, 14850744075333, vstest.console.dll, AssemblyMetadataProvider.GetFrameWork: Determined framework:'.NETCoreApp,Version=v5.0' for source: 'C:\Users\atylla.cruz\source\repos\Project.Metodista\Projeto.Unitario.Tests\bin\Debug\net5.0\fine-code-coverage\build-output\Projeto.Unitario.Tests.dll'
TpTrace Information: 0 : 28192, 1, 2022/05/16, 19:56:53.479, 14850744078140, vstest.console.dll, Determined framework for all sources: .NETCoreApp,Version=v5.0
TpTrace Information: 0 : 28192, 1, 2022/05/16, 19:56:53.480, 14850744084412, vstest.console.dll, AssemblyMetadataProvider.GetArchitecture: Determined architecture:AnyCPU info for assembly: C:\Users\atylla.cruz\source\repos\Project.Metodista\Projeto.Unitario.Tests\bin\Debug\net5.0\fine-code-coverage\build-output\Projeto.Unitario.Tests.dll
TpTrace Information: 0 : 28192, 1, 2022/05/16, 19:56:53.483, 14850744120728, vstest.console.dll, Determined platform for all sources: X64
TpTrace Information: 0 : 28192, 1, 2022/05/16, 19:56:53.488, 14850744165842, vstest.console.dll, Compatible sources list : 
TpTrace Information: 0 : 28192, 1, 2022/05/16, 19:56:53.488, 14850744169718, vstest.console.dll, C:\Users\atylla.cruz\source\repos\Project.Metodista\Projeto.Unitario.Tests\bin\Debug\net5.0\fine-code-coverage\build-output\Projeto.Unitario.Tests.dll
TpTrace Information: 0 : 28192, 1, 2022/05/16, 19:56:53.495, 14850744242925, vstest.console.dll, InferRunSettingsHelper.IsTestSettingsEnabled: Unable to navigate to RunSettings/MSTest. Current node: RunSettings
TpTrace Information: 0 : 28192, 1, 2022/05/16, 19:56:53.496, 14850744252937, vstest.console.dll, AssemblyResolver.OnResolve: Microsoft.VisualStudio.TestPlatform.Fakes: Resolving assembly.
TpTrace Information: 0 : 28192, 1, 2022/05/16, 19:56:53.497, 14850744253903, vstest.console.dll, AssemblyResolver.OnResolve: Microsoft.VisualStudio.TestPlatform.Fakes: Searching in: 'C:\Program Files\dotnet\sdk\5.0.404\Extensions'.
TpTrace Information: 0 : 28192, 1, 2022/05/16, 19:56:53.497, 14850744255204, vstest.console.dll, AssemblyResolver.OnResolve: Microsoft.VisualStudio.TestPlatform.Fakes: Assembly path does not exist: 'C:\Program Files\dotnet\sdk\5.0.404\Extensions\Microsoft.VisualStudio.TestPlatform.Fakes.dll', returning.
TpTrace Information: 0 : 28192, 1, 2022/05/16, 19:56:53.497, 14850744255986, vstest.console.dll, AssemblyResolver.OnResolve: Microsoft.VisualStudio.TestPlatform.Fakes: Assembly path does not exist: 'C:\Program Files\dotnet\sdk\5.0.404\Extensions\Microsoft.VisualStudio.TestPlatform.Fakes.exe', returning.
TpTrace Information: 0 : 28192, 1, 2022/05/16, 19:56:53.497, 14850744256456, vstest.console.dll, AssemblyResolver.OnResolve: Microsoft.VisualStudio.TestPlatform.Fakes: Searching in: 'C:\Program Files\dotnet\sdk\5.0.404'.
TpTrace Information: 0 : 28192, 1, 2022/05/16, 19:56:53.497, 14850744257513, vstest.console.dll, AssemblyResolver.OnResolve: Microsoft.VisualStudio.TestPlatform.Fakes: Assembly path does not exist: 'C:\Program Files\dotnet\sdk\5.0.404\Microsoft.VisualStudio.TestPlatform.Fakes.dll', returning.
TpTrace Information: 0 : 28192, 1, 2022/05/16, 19:56:53.497, 14850744258453, vstest.console.dll, AssemblyResolver.OnResolve: Microsoft.VisualStudio.TestPlatform.Fakes: Assembly path does not exist: 'C:\Program Files\dotnet\sdk\5.0.404\Microsoft.VisualStudio.TestPlatform.Fakes.exe', returning.
TpTrace Information: 0 : 28192, 1, 2022/05/16, 19:56:53.497, 14850744258813, vstest.console.dll, AssemblyResolver.OnResolve: Microsoft.VisualStudio.TestPlatform.Fakes: Failed to load assembly.
TpTrace Information: 0 : 28192, 1, 2022/05/16, 19:56:53.498, 14850744268041, vstest.console.dll, Failed to create newly implemented Fakes Configurator. Reason:System.IO.FileNotFoundException: Could not load file or assembly 'Microsoft.VisualStudio.TestPlatform.Fakes, Version=16.0.0.0, Culture=neutral, PublicKeyToken=null'. O sistema não pode encontrar o arquivo especificado.
File name: 'Microsoft.VisualStudio.TestPlatform.Fakes, Version=16.0.0.0, Culture=neutral, PublicKeyToken=null'
   at System.Reflection.RuntimeAssembly.InternalLoad(ObjectHandleOnStack assemblyName, ObjectHandleOnStack requestingAssembly, StackCrawlMarkHandle stackMark, Boolean throwOnFileNotFound, ObjectHandleOnStack assemblyLoadContext, ObjectHandleOnStack retAssembly)
   at System.Reflection.RuntimeAssembly.InternalLoad(AssemblyName assemblyName, RuntimeAssembly requestingAssembly, StackCrawlMark& stackMark, Boolean throwOnFileNotFound, AssemblyLoadContext assemblyLoadContext)
   at System.Reflection.Assembly.Load(AssemblyName assemblyRef)
   at Microsoft.VisualStudio.TestPlatform.Common.Utilities.FakesUtilities.TryGetFakesCrossPlatformDataCollectorConfigurator() 
TpTrace Verbose: 0 : 28192, 1, 2022/05/16, 19:56:53.503, 14850744317148, vstest.console.dll, TestPluginCache.DiscoverTestExtensions: finding test extensions in assemblies ends with: TestLogger.dll TPluginInfo: Microsoft.VisualStudio.TestPlatform.Common.ExtensionFramework.Utilities.TestLoggerPluginInformation TExtension: Microsoft.VisualStudio.TestPlatform.ObjectModel.Client.ITestLogger
TpTrace Verbose: 0 : 28192, 1, 2022/05/16, 19:56:53.503, 14850744318721, vstest.console.dll, TestPluginCache.GetExtensionPaths: Filtered extension paths: 
TpTrace Verbose: 0 : 28192, 1, 2022/05/16, 19:56:53.503, 14850744319152, vstest.console.dll, TestPluginCache.GetExtensionPaths: Added default extension paths: C:\Program Files\dotnet\sdk\5.0.404\Extensions\Microsoft.Diagnostics.NETCore.Client.dll
C:\Program Files\dotnet\sdk\5.0.404\Extensions\Microsoft.TestPlatform.Extensions.BlameDataCollector.dll
C:\Program Files\dotnet\sdk\5.0.404\Extensions\Microsoft.TestPlatform.Extensions.EventLogCollector.dll
C:\Program Files\dotnet\sdk\5.0.404\Extensions\Microsoft.TestPlatform.TestHostRuntimeProvider.dll
C:\Program Files\dotnet\sdk\5.0.404\Extensions\Microsoft.VisualStudio.TestPlatform.Extensions.Html.TestLogger.dll
C:\Program Files\dotnet\sdk\5.0.404\Extensions\Microsoft.VisualStudio.TestPlatform.Extensions.Trx.TestLogger.dll
TpTrace Verbose: 0 : 28192, 1, 2022/05/16, 19:56:53.503, 14850744319554, vstest.console.dll, TestPluginCache.GetExtensionPaths: Added unfilterableExtensionPaths: 
TpTrace Information: 0 : 28192, 1, 2022/05/16, 19:56:53.503, 14850744321683, vstest.console.dll, AssemblyResolver.AddSearchDirectories: Adding more searchDirectories C:\Program Files\dotnet\sdk\5.0.404\Extensions,C:\Program Files\dotnet\sdk\5.0.404
TpTrace Verbose: 0 : 28192, 1, 2022/05/16, 19:56:53.503, 14850744322291, vstest.console.dll, TestPluginCache.DiscoverTestExtensions: Discovering the extensions using extension path.
TpTrace Verbose: 0 : 28192, 1, 2022/05/16, 19:56:53.503, 14850744322693, vstest.console.dll, TestPluginCache.GetExtensionPaths: Filtered extension paths: 
TpTrace Verbose: 0 : 28192, 1, 2022/05/16, 19:56:53.503, 14850744323126, vstest.console.dll, TestPluginCache.GetExtensionPaths: Added default extension paths: C:\Program Files\dotnet\sdk\5.0.404\Extensions\Microsoft.Diagnostics.NETCore.Client.dll
C:\Program Files\dotnet\sdk\5.0.404\Extensions\Microsoft.TestPlatform.Extensions.BlameDataCollector.dll
C:\Program Files\dotnet\sdk\5.0.404\Extensions\Microsoft.TestPlatform.Extensions.EventLogCollector.dll
C:\Program Files\dotnet\sdk\5.0.404\Extensions\Microsoft.TestPlatform.TestHostRuntimeProvider.dll
C:\Program Files\dotnet\sdk\5.0.404\Extensions\Microsoft.VisualStudio.TestPlatform.Extensions.Html.TestLogger.dll
C:\Program Files\dotnet\sdk\5.0.404\Extensions\Microsoft.VisualStudio.TestPlatform.Extensions.Trx.TestLogger.dll
TpTrace Verbose: 0 : 28192, 1, 2022/05/16, 19:56:53.503, 14850744323452, vstest.console.dll, TestPluginCache.GetExtensionPaths: Added unfilterableExtensionPaths: 
TpTrace Verbose: 0 : 28192, 1, 2022/05/16, 19:56:53.504, 14850744323848, vstest.console.dll, TestPluginCache.DiscoverTestExtensions: Discovering the extensions using allExtensionPaths: C:\Program Files\dotnet\sdk\5.0.404\Extensions\Microsoft.Diagnostics.NETCore.Client.dll
C:\Program Files\dotnet\sdk\5.0.404\Extensions\Microsoft.TestPlatform.Extensions.BlameDataCollector.dll
C:\Program Files\dotnet\sdk\5.0.404\Extensions\Microsoft.TestPlatform.Extensions.EventLogCollector.dll
C:\Program Files\dotnet\sdk\5.0.404\Extensions\Microsoft.TestPlatform.TestHostRuntimeProvider.dll
C:\Program Files\dotnet\sdk\5.0.404\Extensions\Microsoft.VisualStudio.TestPlatform.Extensions.Html.TestLogger.dll
C:\Program Files\dotnet\sdk\5.0.404\Extensions\Microsoft.VisualStudio.TestPlatform.Extensions.Trx.TestLogger.dll
TpTrace Information: 0 : 28192, 1, 2022/05/16, 19:56:53.504, 14850744324336, vstest.console.dll, AssemblyResolver.AddSearchDirectories: Adding more searchDirectories C:\Program Files\dotnet\sdk\5.0.404\Extensions,C:\Program Files\dotnet\sdk\5.0.404
TpTrace Information: 0 : 28192, 1, 2022/05/16, 19:56:53.504, 14850744324777, vstest.console.dll, AssemblyResolver.AddSearchDirectories: Adding more searchDirectories C:\Program Files\dotnet\sdk\5.0.404\Extensions,C:\Program Files\dotnet\sdk\5.0.404
TpTrace Information: 0 : 28192, 1, 2022/05/16, 19:56:53.504, 14850744325113, vstest.console.dll, AssemblyResolver.AddSearchDirectories: Adding more searchDirectories C:\Program Files\dotnet\sdk\5.0.404\Extensions,C:\Program Files\dotnet\sdk\5.0.404
TpTrace Information: 0 : 28192, 1, 2022/05/16, 19:56:53.504, 14850744325433, vstest.console.dll, AssemblyResolver.AddSearchDirectories: Adding more searchDirectories C:\Program Files\dotnet\sdk\5.0.404\Extensions,C:\Program Files\dotnet\sdk\5.0.404
TpTrace Information: 0 : 28192, 1, 2022/05/16, 19:56:53.504, 14850744325977, vstest.console.dll, AssemblyResolver.AddSearchDirectories: Adding more searchDirectories C:\Program Files\dotnet\sdk\5.0.404\Extensions,C:\Program Files\dotnet\sdk\5.0.404
TpTrace Information: 0 : 28192, 1, 2022/05/16, 19:56:53.504, 14850744326525, vstest.console.dll, AssemblyResolver.AddSearchDirectories: Adding more searchDirectories C:\Program Files\dotnet\sdk\5.0.404\Extensions,C:\Program Files\dotnet\sdk\5.0.404
TpTrace Information: 0 : 28192, 1, 2022/05/16, 19:56:53.504, 14850744329686, vstest.console.dll, AssemblyResolver.OnResolve: Microsoft.Bcl.AsyncInterfaces: Resolving assembly.
TpTrace Information: 0 : 28192, 1, 2022/05/16, 19:56:53.504, 14850744330226, vstest.console.dll, AssemblyResolver.OnResolve: Microsoft.Bcl.AsyncInterfaces: Resolved from cache.
TpTrace Verbose: 0 : 28192, 1, 2022/05/16, 19:56:53.504, 14850744330613, vstest.console.dll, CurrentDomainAssemblyResolve: Resolving assembly 'Microsoft.Bcl.AsyncInterfaces'.
TpTrace Information: 0 : 28192, 1, 2022/05/16, 19:56:53.504, 14850744331287, vstest.console.dll, AssemblyResolver.OnResolve: Microsoft.Bcl.AsyncInterfaces: Resolving assembly.
TpTrace Information: 0 : 28192, 1, 2022/05/16, 19:56:53.504, 14850744331807, vstest.console.dll, AssemblyResolver.OnResolve: Microsoft.Bcl.AsyncInterfaces: Resolved from cache.
TpTrace Verbose: 0 : 28192, 1, 2022/05/16, 19:56:53.504, 14850744332167, vstest.console.dll, CurrentDomainAssemblyResolve: Resolving assembly 'Microsoft.Bcl.AsyncInterfaces'.
TpTrace Verbose: 0 : 28192, 1, 2022/05/16, 19:56:53.504, 14850744332495, vstest.console.dll, CurrentDomainAssemblyResolve: Failed to resolve assembly 'Microsoft.Bcl.AsyncInterfaces'.
TpTrace Verbose: 0 : 28192, 1, 2022/05/16, 19:56:53.505, 14850744334373, vstest.console.dll, CurrentDomainAssemblyResolve: Failed to resolve assembly 'Microsoft.Bcl.AsyncInterfaces'.
TpTrace Warning: 0 : 28192, 1, 2022/05/16, 19:56:53.505, 14850744337787, vstest.console.dll, TestPluginDiscoverer: Failed to get types from assembly 'Microsoft.Diagnostics.NETCore.Client, Version=0.2.2.41902, Culture=neutral, PublicKeyToken=31bf3856ad364e35'.  Skipping test extension scan for this assembly.  Error: System.Reflection.ReflectionTypeLoadException: Unable to load one or more of the requested types.
Could not load file or assembly 'Microsoft.Bcl.AsyncInterfaces, Version=1.0.0.0, Culture=neutral, PublicKeyToken=cc7b13ffcd2ddd51'. O sistema não pode encontrar o arquivo especificado.
   at System.Reflection.RuntimeModule.GetTypes(RuntimeModule module)
   at System.Reflection.RuntimeModule.GetTypes()
   at System.Reflection.Assembly.GetTypes()
   at Microsoft.VisualStudio.TestPlatform.Common.ExtensionFramework.TestPluginDiscoverer.GetTestExtensionsFromAssembly[TPluginInfo,TExtension](Assembly assembly, Dictionary`2 pluginInfos)
System.IO.FileNotFoundException: Could not load file or assembly 'Microsoft.Bcl.AsyncInterfaces, Version=1.0.0.0, Culture=neutral, PublicKeyToken=cc7b13ffcd2ddd51'. O sistema não pode encontrar o arquivo especificado.
File name: 'Microsoft.Bcl.AsyncInterfaces, Version=1.0.0.0, Culture=neutral, PublicKeyToken=cc7b13ffcd2ddd51'
TpTrace Warning: 0 : 28192, 1, 2022/05/16, 19:56:53.505, 14850744338555, vstest.console.dll, LoaderExceptions: System.IO.FileNotFoundException: Could not load file or assembly 'Microsoft.Bcl.AsyncInterfaces, Version=1.0.0.0, Culture=neutral, PublicKeyToken=cc7b13ffcd2ddd51'. O sistema não pode encontrar o arquivo especificado.
File name: 'Microsoft.Bcl.AsyncInterfaces, Version=1.0.0.0, Culture=neutral, PublicKeyToken=cc7b13ffcd2ddd51'
TpTrace Verbose: 0 : 28192, 1, 2022/05/16, 19:56:53.505, 14850744343234, vstest.console.dll, TestPluginCache: Discovered the extensions using extension path ''.
TpTrace Verbose: 0 : 28192, 1, 2022/05/16, 19:56:53.506, 14850744343918, vstest.console.dll, TestPluginCache: Discoverers are ''.
TpTrace Verbose: 0 : 28192, 1, 2022/05/16, 19:56:53.506, 14850744344239, vstest.console.dll, TestPluginCache: Executors are ''.
TpTrace Verbose: 0 : 28192, 1, 2022/05/16, 19:56:53.506, 14850744344586, vstest.console.dll, TestPluginCache: Executors2 are ''.
TpTrace Verbose: 0 : 28192, 1, 2022/05/16, 19:56:53.506, 14850744344859, vstest.console.dll, TestPluginCache: Setting providers are ''.
TpTrace Verbose: 0 : 28192, 1, 2022/05/16, 19:56:53.506, 14850744345609, vstest.console.dll, TestPluginCache: Loggers are 'logger://Microsoft/TestPlatform/Extensions/Blame/v1,logger://Microsoft/TestPlatform/HtmlLogger/v1,logger://Microsoft/TestPlatform/TrxLogger/v1'.
TpTrace Information: 0 : 28192, 1, 2022/05/16, 19:56:53.507, 14850744354227, vstest.console.dll, TestPluginManager.CreateTestExtension: Attempting to load test extension: Microsoft.TestPlatform.Extensions.BlameDataCollector.BlameLogger
TpTrace Information: 0 : 28192, 1, 2022/05/16, 19:56:53.520, 14850744493534, vstest.console.dll, TestPluginManager.CreateTestExtension: Attempting to load test extension: Microsoft.VisualStudio.TestPlatform.CrossPlatEngine.Hosting.DefaultTestHostManager
TpTrace Information: 0 : 28192, 1, 2022/05/16, 19:56:53.521, 14850744498115, vstest.console.dll, TestPluginManager.CreateTestExtension: Attempting to load test extension: Microsoft.VisualStudio.TestPlatform.CrossPlatEngine.Hosting.DotnetTestHostManager
TpTrace Verbose: 0 : 28192, 1, 2022/05/16, 19:56:53.522, 14850744504709, vstest.console.dll, TestEngine: Initializing Parallel Execution as MaxCpuCount is set to: 1
TpTrace Information: 0 : 28192, 1, 2022/05/16, 19:56:53.522, 14850744510782, vstest.console.dll, InferRunSettingsHelper.IsTestSettingsEnabled: Unable to navigate to RunSettings/MSTest. Current node: RunSettings
TpTrace Verbose: 0 : 28192, 1, 2022/05/16, 19:56:53.552, 14850744813553, vstest.console.dll, TestRequestSender is acting as server
TpTrace Verbose: 0 : 28192, 4, 2022/05/16, 19:56:53.561, 14850744897629, vstest.console.dll, DataCollectionRequestSender.InitializeCommunication : Initialize communication. 
TpTrace Information: 0 : 28192, 4, 2022/05/16, 19:56:53.590, 14850745190802, vstest.console.dll, Listening on Endpoint : 127.0.0.1:57825
TpTrace Verbose: 0 : 28192, 4, 2022/05/16, 19:56:53.622, 14850745510709, vstest.console.dll, DotnetDataCollectionLauncher: Full path of dotnet.exe is C:\Program Files\dotnet\dotnet.exe
TpTrace Verbose: 0 : 28192, 4, 2022/05/16, 19:56:53.623, 14850745515644, vstest.console.dll, DotnetDataCollectionLauncher: Adding  --runtimeconfig "C:\Program Files\dotnet\sdk\5.0.404\datacollector.runtimeconfig.json" in args
TpTrace Verbose: 0 : 28192, 4, 2022/05/16, 19:56:53.623, 14850745517932, vstest.console.dll, DotnetDataCollectionLauncher: Adding  --depsfile "C:\Program Files\dotnet\sdk\5.0.404\datacollector.deps.json" in args
TpTrace Information: 0 : 28192, 4, 2022/05/16, 19:56:53.638, 14850745670408, vstest.console.dll, ProxyDataCollectionManager.Initialize: Launched datacollector processId: 26084 port: 57825
TpTrace Information: 0 : 28192, 4, 2022/05/16, 19:56:53.639, 14850745674526, vstest.console.dll, ProxyDataCollectionManager.Initialize: waiting for connection with timeout: 90 seconds
TpTrace Verbose: 0 : 28192, 4, 2022/05/16, 19:56:53.639, 14850745676042, vstest.console.dll, DataCollectionRequestSender.WaitForRequestHandlerConnection : Waiting for connection with timeout: 90000
TpTrace Information: 0 : 28192, 7, 2022/05/16, 19:56:53.910, 14850748386561, vstest.console.dll, Using the buffer size of 16384 bytes
TpTrace Verbose: 0 : 28192, 4, 2022/05/16, 19:56:53.910, 14850748387766, vstest.console.dll, ProxyDataCollectionManager.InvokeDataCollectionServiceAction: Starting.
TpTrace Information: 0 : 28192, 7, 2022/05/16, 19:56:53.910, 14850748389919, vstest.console.dll, Accepted Client request and set the flag
TpTrace Information: 0 : 28192, 4, 2022/05/16, 19:56:53.910, 14850748390486, vstest.console.dll, ProxyDataCollectionManager.BeforeTestRunStart: Get environment variable and port for datacollector processId: 26084 port: 57825
TpTrace Verbose: 0 : 28192, 4, 2022/05/16, 19:56:53.910, 14850748393424, vstest.console.dll, DataCollectionRequestSender.SendBeforeTestRunStartAndGetResult : Send BeforeTestRunStart message with settingsXml <RunSettings><RunConfiguration><ResultsDirectory>C:\Users\atylla.cruz\source\repos\Project.Metodista\Projeto.Unitario.Tests\bin\Debug\net5.0\fine-code-coverage\coverage-tool-output</ResultsDirectory><TargetPlatform>X64</TargetPlatform><TargetFrameworkVersion>.NETCoreApp,Version=v5.0</TargetFrameworkVersion><DesignMode>False</DesignMode><CollectSourceInformation>False</CollectSourceInformation><TestAdaptersPaths>C:\Program Files\dotnet\sdk\5.0.404\Extensions</TestAdaptersPaths></RunConfiguration><LoggerRunSettings><Loggers><Logger friendlyName="blame" enabled="True" /><Logger friendlyName="Console" uri="logger://microsoft/TestPlatform/ConsoleLogger/v1" assemblyQualifiedName="Microsoft.VisualStudio.TestPlatform.CommandLine.Internal.ConsoleLogger, vstest.console, Version=15.0.0.0, Culture=neutral, PublicKeyToken=b03f5f7f11d50a3a" codeBase="C:\Program Files\dotnet\sdk\5.0.404\vstest.console.dll" enabled="True" /></Loggers></LoggerRunSettings><DataCollectionRunSettings><DataCollectors><DataCollector friendlyName="blame" enabled="True"><Configuration><ResultsDirectory>C:\Users\atylla.cruz\source\repos\Project.Metodista\Projeto.Unitario.Tests\bin\Debug\net5.0\fine-code-coverage\coverage-tool-output</ResultsDirectory></Configuration></DataCollector></DataCollectors></DataCollectionRunSettings></RunSettings> and sources System.Linq.Enumerable+Concat2Iterator`1[System.String]: 
TpTrace Verbose: 0 : 28192, 4, 2022/05/16, 19:56:54.035, 14850749639351, vstest.console.dll, DataCollectionRequestSender.SendBeforeTestRunStartAndGetResult : Received message: (DataCollection.SendMessage) -> {
  "FriendlyName": null,
  "Uri": null,
  "TestCaseId": "00000000-0000-0000-0000-000000000000",
  "Message": "Logging DataCollector Diagnostics in file: C:\\Users\\atylla.cruz\\source\\repos\\Project.Metodista\\Projeto.Unitario.Tests\\bin\\Debug\\net5.0\\fine-code-coverage\\coverage-tool-output\\diagnostics.datacollector.22-05-16_19-56-53_60789_4.log",
  "Level": 0
}
TpTrace Verbose: 0 : 28192, 4, 2022/05/16, 19:56:54.139, 14850750680842, vstest.console.dll, DataCollectionRequestSender.SendBeforeTestRunStartAndGetResult : Received message: (DataCollection.BeforeTestRunStartResult) -> {
  "EnvironmentVariables": {},
  "DataCollectionEventsPort": 57828
}
TpTrace Information: 0 : 28192, 4, 2022/05/16, 19:56:54.146, 14850750744257, vstest.console.dll, ProxyDataCollectionManager.BeforeTestRunStart: SendBeforeTestRunStartAndGetResult successful, env variable from datacollector:   and testhost port: 57828
TpTrace Information: 0 : 28192, 4, 2022/05/16, 19:56:54.146, 14850750747273, vstest.console.dll, ProxyDataCollectionManager.InvokeDataCollectionServiceAction: Completed.
TpTrace Verbose: 0 : 28192, 1, 2022/05/16, 19:56:54.146, 14850750750935, vstest.console.dll, TestRunRequest.ExecuteAsync: Creating test run request.
TpTrace Verbose: 0 : 28192, 1, 2022/05/16, 19:56:54.147, 14850750758412, vstest.console.dll, TestRunRequest.ExecuteAsync: Starting.
TpTrace Information: 0 : 28192, 1, 2022/05/16, 19:56:54.148, 14850750764651, vstest.console.dll, TestRunRequest.ExecuteAsync: Starting run with settings:TestRunCriteria:
   KeepAlive=False,FrequencyOfRunStatsChangeEvent=10,RunStatsChangeEventTimeout=00:00:01.5000000,TestCaseFilter=,TestExecutorLauncher=
   Settingsxml=<RunSettings>
  <RunConfiguration>
    <ResultsDirectory>C:\Users\atylla.cruz\source\repos\Project.Metodista\Projeto.Unitario.Tests\bin\Debug\net5.0\fine-code-coverage\coverage-tool-output</ResultsDirectory>
    <TargetPlatform>X64</TargetPlatform>
    <TargetFrameworkVersion>.NETCoreApp,Version=v5.0</TargetFrameworkVersion>
    <DesignMode>False</DesignMode>
    <CollectSourceInformation>False</CollectSourceInformation>
  </RunConfiguration>
  <LoggerRunSettings>
    <Loggers>
      <Logger friendlyName="blame" enabled="True" />
      <Logger friendlyName="Console" uri="logger://microsoft/TestPlatform/ConsoleLogger/v1" assemblyQualifiedName="Microsoft.VisualStudio.TestPlatform.CommandLine.Internal.ConsoleLogger, vstest.console, Version=15.0.0.0, Culture=neutral, PublicKeyToken=b03f5f7f11d50a3a" codeBase="C:\Program Files\dotnet\sdk\5.0.404\vstest.console.dll" enabled="True" />
    </Loggers>
  </LoggerRunSettings>
  <DataCollectionRunSettings>
    <DataCollectors>
      <DataCollector friendlyName="blame" enabled="True">
        <Configuration>
          <ResultsDirectory>C:\Users\atylla.cruz\source\repos\Project.Metodista\Projeto.Unitario.Tests\bin\Debug\net5.0\fine-code-coverage\coverage-tool-output</ResultsDirectory>
        </Configuration>
      </DataCollector>
    </DataCollectors>
  </DataCollectionRunSettings>
</RunSettings>

TpTrace Verbose: 0 : 28192, 1, 2022/05/16, 19:56:54.148, 14850750766059, vstest.console.dll, TestRunRequest.ExecuteAsync: Wait for the first run request is over.
TpTrace Verbose: 0 : 28192, 1, 2022/05/16, 19:56:54.149, 14850750779703, vstest.console.dll, ParallelProxyExecutionManager: Start execution. Total sources: 1
TpTrace Information: 0 : 28192, 1, 2022/05/16, 19:56:54.151, 14850750794918, vstest.console.dll, ProxyParallelExecutionManager: Triggering test run for next source: C:\Users\atylla.cruz\source\repos\Project.Metodista\Projeto.Unitario.Tests\bin\Debug\net5.0\fine-code-coverage\build-output\Projeto.Unitario.Tests.dll
TpTrace Verbose: 0 : 28192, 4, 2022/05/16, 19:56:54.151, 14850750797676, vstest.console.dll, ParallelProxyExecutionManager: Execution started. Started clients: 1
TpTrace Verbose: 0 : 28192, 1, 2022/05/16, 19:56:54.151, 14850750798327, vstest.console.dll, ProxyParallelExecutionManager: No sources available for execution.
TpTrace Information: 0 : 28192, 1, 2022/05/16, 19:56:54.151, 14850750798978, vstest.console.dll, TestRunRequest.ExecuteAsync: Started.
TpTrace Verbose: 0 : 28192, 1, 2022/05/16, 19:56:54.151, 14850750799800, vstest.console.dll, TestRunRequest.WaitForCompletion: Waiting with timeout -1.
TpTrace Verbose: 0 : 28192, 4, 2022/05/16, 19:56:54.151, 14850750801557, vstest.console.dll, TestRunRequest:SendTestRunMessage: Starting.
TpTrace Information: 0 : 28192, 4, 2022/05/16, 19:56:54.151, 14850750803344, vstest.console.dll, TestRunRequest:SendTestRunMessage: Completed.
TpTrace Verbose: 0 : 28192, 4, 2022/05/16, 19:56:54.152, 14850750806233, vstest.console.dll, ProxyExecutionManager: Test host is always Lazy initialize.
TpTrace Verbose: 0 : 28192, 4, 2022/05/16, 19:56:54.152, 14850750809552, vstest.console.dll, TestRequestSender.InitializeCommunication: initialize communication. 
TpTrace Information: 0 : 28192, 4, 2022/05/16, 19:56:54.153, 14850750818499, vstest.console.dll, SocketServer.Start: Listening on endpoint : 127.0.0.1:57829
TpTrace Verbose: 0 : 28192, 4, 2022/05/16, 19:56:54.154, 14850750830860, vstest.console.dll, DotnetTestHostmanager: Adding  --runtimeconfig "C:\Users\atylla.cruz\source\repos\Project.Metodista\Projeto.Unitario.Tests\bin\Debug\net5.0\fine-code-coverage\build-output\Projeto.Unitario.Tests.runtimeconfig.json" in args
TpTrace Verbose: 0 : 28192, 4, 2022/05/16, 19:56:54.154, 14850750832815, vstest.console.dll, DotnetTestHostmanager: Adding  --depsfile "C:\Users\atylla.cruz\source\repos\Project.Metodista\Projeto.Unitario.Tests\bin\Debug\net5.0\fine-code-coverage\build-output\Projeto.Unitario.Tests.deps.json" in args
TpTrace Verbose: 0 : 28192, 4, 2022/05/16, 19:56:54.155, 14850750836770, vstest.console.dll, DotnetTestHostManager: Testhost.exe/testhost.x86.exe found at path: C:\Users\atylla.cruz\source\repos\Project.Metodista\Projeto.Unitario.Tests\bin\Debug\net5.0\fine-code-coverage\build-output\testhost.exe
TpTrace Verbose: 0 : 28192, 4, 2022/05/16, 19:56:54.155, 14850750837583, vstest.console.dll, DotnetTestHostmanager: Full path of host exe is C:\Users\atylla.cruz\source\repos\Project.Metodista\Projeto.Unitario.Tests\bin\Debug\net5.0\fine-code-coverage\build-output\testhost.exe
TpTrace Verbose: 0 : 28192, 6, 2022/05/16, 19:56:54.156, 14850750851538, vstest.console.dll, DotnetTestHostManager: Starting process 'C:\Users\atylla.cruz\source\repos\Project.Metodista\Projeto.Unitario.Tests\bin\Debug\net5.0\fine-code-coverage\build-output\testhost.exe' with command line ' --runtimeconfig "C:\Users\atylla.cruz\source\repos\Project.Metodista\Projeto.Unitario.Tests\bin\Debug\net5.0\fine-code-coverage\build-output\Projeto.Unitario.Tests.runtimeconfig.json" --depsfile "C:\Users\atylla.cruz\source\repos\Project.Metodista\Projeto.Unitario.Tests\bin\Debug\net5.0\fine-code-coverage\build-output\Projeto.Unitario.Tests.deps.json" --port 57829 --endpoint 127.0.0.1:057829 --role client --parentprocessid 28192 --diag "C:\Users\atylla.cruz\source\repos\Project.Metodista\Projeto.Unitario.Tests\bin\Debug\net5.0\fine-code-coverage\coverage-tool-output\diagnostics.host.22-05-16_19-56-54_15410_4.log" --tracelevel 4 --datacollectionport 57828 --telemetryoptedin false'
TpTrace Verbose: 0 : 28192, 6, 2022/05/16, 19:56:54.173, 14850751019044, vstest.console.dll, Test Runtime launched
TpTrace Verbose: 0 : 28192, 4, 2022/05/16, 19:56:54.182, 14850751105695, vstest.console.dll, TestRequestSender.WaitForRequestHandlerConnection: waiting for connection with timeout: 90000
TpTrace Verbose: 0 : 28192, 12, 2022/05/16, 19:56:54.472, 14850754013338, vstest.console.dll, SocketServer.OnClientConnected: Client connected for endPoint: 127.0.0.1:57829, starting MessageLoopAsync:
TpTrace Verbose: 0 : 28192, 6, 2022/05/16, 19:56:54.473, 14850754017893, vstest.console.dll, TcpClientExtensions.MessageLoopAsync: Polling on remoteEndPoint: 127.0.0.1:57830 localEndPoint: 127.0.0.1:57829
TpTrace Verbose: 0 : 28192, 6, 2022/05/16, 19:56:54.739, 14850756676358, vstest.console.dll, TcpClientExtensions.MessageLoopAsync: NotifyDataAvailable remoteEndPoint: 127.0.0.1:57830 localEndPoint: 127.0.0.1:57829
TpTrace Verbose: 0 : 28192, 6, 2022/05/16, 19:56:54.739, 14850756683478, vstest.console.dll, TestRequestSender.CheckVersionWithTestHost: onMessageReceived received message: (ProtocolVersion) -> 5
TpTrace Verbose: 0 : 28192, 6, 2022/05/16, 19:56:54.740, 14850756693205, vstest.console.dll, TcpClientExtensions.MessageLoopAsync: Polling on remoteEndPoint: 127.0.0.1:57830 localEndPoint: 127.0.0.1:57829
TpTrace Verbose: 0 : 28192, 4, 2022/05/16, 19:56:54.741, 14850756694936, vstest.console.dll, TestPluginCache.GetExtensionPaths: Filtered extension paths: 
TpTrace Verbose: 0 : 28192, 4, 2022/05/16, 19:56:54.741, 14850756696433, vstest.console.dll, TestPluginCache.GetExtensionPaths: Added default extension paths: C:\Program Files\dotnet\sdk\5.0.404\Extensions\Microsoft.Diagnostics.NETCore.Client.dll
C:\Program Files\dotnet\sdk\5.0.404\Extensions\Microsoft.TestPlatform.Extensions.BlameDataCollector.dll
C:\Program Files\dotnet\sdk\5.0.404\Extensions\Microsoft.TestPlatform.Extensions.EventLogCollector.dll
C:\Program Files\dotnet\sdk\5.0.404\Extensions\Microsoft.TestPlatform.TestHostRuntimeProvider.dll
C:\Program Files\dotnet\sdk\5.0.404\Extensions\Microsoft.VisualStudio.TestPlatform.Extensions.Html.TestLogger.dll
C:\Program Files\dotnet\sdk\5.0.404\Extensions\Microsoft.VisualStudio.TestPlatform.Extensions.Trx.TestLogger.dll
TpTrace Verbose: 0 : 28192, 4, 2022/05/16, 19:56:54.741, 14850756697129, vstest.console.dll, TestPluginCache.GetExtensionPaths: Added unfilterableExtensionPaths: 
TpTrace Verbose: 0 : 28192, 4, 2022/05/16, 19:56:54.746, 14850756748539, vstest.console.dll, TestRequestSender.InitializeExecution: Sending initializing execution with message: {"Version":5,"MessageType":"TestExecution.Initialize","Payload":["C:\\Users\\atylla.cruz\\source\\repos\\Project.Metodista\\Projeto.Unitario.Tests\\bin\\Debug\\net5.0\\fine-code-coverage\\build-output\\xunit.runner.visualstudio.dotnetcore.testadapter.dll"]}
TpTrace Verbose: 0 : 28192, 6, 2022/05/16, 19:56:54.760, 14850756890626, vstest.console.dll, TcpClientExtensions.MessageLoopAsync: NotifyDataAvailable remoteEndPoint: 127.0.0.1:57830 localEndPoint: 127.0.0.1:57829
TpTrace Verbose: 0 : 28192, 6, 2022/05/16, 19:56:54.760, 14850756892597, vstest.console.dll, TestRequestSender.OnExecutionMessageReceived: Received message: {"Version":5,"MessageType":"TestSession.Message","Payload":{"MessageLevel":0,"Message":"Registro em log do diagnóstico TestHost no arquivo: C:\\Users\\atylla.cruz\\source\\repos\\Project.Metodista\\Projeto.Unitario.Tests\\bin\\Debug\\net5.0\\fine-code-coverage\\coverage-tool-output\\diagnostics.host.22-05-16_19-56-54_15410_4.log"}}
TpTrace Verbose: 0 : 28192, 4, 2022/05/16, 19:56:54.761, 14850756899241, vstest.console.dll, TestRequestSender.StartTestRun: Sending test run with message: {"Version":5,"MessageType":"TestExecution.StartWithSources","Payload":{"AdapterSourceMap":{"_none_":["C:\\Users\\atylla.cruz\\source\\repos\\Project.Metodista\\Projeto.Unitario.Tests\\bin\\Debug\\net5.0\\fine-code-coverage\\build-output\\Projeto.Unitario.Tests.dll"]},"RunSettings":"<RunSettings>\r\n  <RunConfiguration>\r\n    <ResultsDirectory>C:\\Users\\atylla.cruz\\source\\repos\\Project.Metodista\\Projeto.Unitario.Tests\\bin\\Debug\\net5.0\\fine-code-coverage\\coverage-tool-output</ResultsDirectory>\r\n    <TargetPlatform>X64</TargetPlatform>\r\n    <TargetFrameworkVersion>.NETCoreApp,Version=v5.0</TargetFrameworkVersion>\r\n    <DesignMode>False</DesignMode>\r\n    <CollectSourceInformation>False</CollectSourceInformation>\r\n  </RunConfiguration>\r\n  <LoggerRunSettings>\r\n    <Loggers>\r\n      <Logger friendlyName=\"blame\" enabled=\"True\" />\r\n      <Logger friendlyName=\"Console\" uri=\"logger://microsoft/TestPlatform/ConsoleLogger/v1\" assemblyQualifiedName=\"Microsoft.VisualStudio.TestPlatform.CommandLine.Internal.ConsoleLogger, vstest.console, Version=15.0.0.0, Culture=neutral, PublicKeyToken=b03f5f7f11d50a3a\" codeBase=\"C:\\Program Files\\dotnet\\sdk\\5.0.404\\vstest.console.dll\" enabled=\"True\" />\r\n    </Loggers>\r\n  </LoggerRunSettings>\r\n  <DataCollectionRunSettings>\r\n    <DataCollectors>\r\n      <DataCollector friendlyName=\"blame\" enabled=\"True\">\r\n        <Configuration>\r\n          <ResultsDirectory>C:\\Users\\atylla.cruz\\source\\repos\\Project.Metodista\\Projeto.Unitario.Tests\\bin\\Debug\\net5.0\\fine-code-coverage\\coverage-tool-output</ResultsDirectory>\r\n        </Configuration>\r\n      </DataCollector>\r\n    </DataCollectors>\r\n  </DataCollectionRunSettings>\r\n</RunSettings>","TestExecutionContext":{"FrequencyOfRunStatsChangeEvent":10,"RunStatsChangeEventTimeout":"00:00:01.5000000","InIsolation":false,"KeepAlive":false,"AreTestCaseLevelEventsRequired":false,"IsDebug":false,"TestCaseFilter":null,"FilterOptions":null},"Package":null}}
TpTrace Verbose: 0 : 28192, 6, 2022/05/16, 19:56:54.764, 14850756925166, vstest.console.dll, TestRunRequest:SendTestRunMessage: Starting.
TpTrace Information: 0 : 28192, 6, 2022/05/16, 19:56:54.765, 14850756938503, vstest.console.dll, TestRunRequest:SendTestRunMessage: Completed.
TpTrace Verbose: 0 : 28192, 6, 2022/05/16, 19:56:54.765, 14850756941475, vstest.console.dll, TcpClientExtensions.MessageLoopAsync: Polling on remoteEndPoint: 127.0.0.1:57830 localEndPoint: 127.0.0.1:57829
TpTrace Verbose: 0 : 28192, 6, 2022/05/16, 19:56:55.013, 14850759415802, vstest.console.dll, TcpClientExtensions.MessageLoopAsync: NotifyDataAvailable remoteEndPoint: 127.0.0.1:57830 localEndPoint: 127.0.0.1:57829
TpTrace Verbose: 0 : 28192, 6, 2022/05/16, 19:56:55.013, 14850759423177, vstest.console.dll, TestRequestSender.OnExecutionMessageReceived: Received message: {"Version":5,"MessageType":"TestSession.Message","Payload":{"MessageLevel":0,"Message":"[xUnit.net 00:00:00.00] xUnit.net VSTest Adapter v2.4.3+1b45f5407b (64-bit .NET 5.0.14)"}}
TpTrace Verbose: 0 : 28192, 6, 2022/05/16, 19:56:55.014, 14850759431337, vstest.console.dll, TestRunRequest:SendTestRunMessage: Starting.
TpTrace Information: 0 : 28192, 6, 2022/05/16, 19:56:55.014, 14850759433244, vstest.console.dll, TestRunRequest:SendTestRunMessage: Completed.
TpTrace Verbose: 0 : 28192, 6, 2022/05/16, 19:56:55.015, 14850759433887, vstest.console.dll, TcpClientExtensions.MessageLoopAsync: Polling on remoteEndPoint: 127.0.0.1:57830 localEndPoint: 127.0.0.1:57829
TpTrace Verbose: 0 : 28192, 6, 2022/05/16, 19:56:55.734, 14850766625989, vstest.console.dll, TcpClientExtensions.MessageLoopAsync: NotifyDataAvailable remoteEndPoint: 127.0.0.1:57830 localEndPoint: 127.0.0.1:57829
TpTrace Verbose: 0 : 28192, 6, 2022/05/16, 19:56:55.734, 14850766627570, vstest.console.dll, TestRequestSender.OnExecutionMessageReceived: Received message: {"Version":5,"MessageType":"TestSession.Message","Payload":{"MessageLevel":0,"Message":"[xUnit.net 00:00:00.73]   Discovering: Projeto.Unitario.Tests"}}
TpTrace Verbose: 0 : 28192, 6, 2022/05/16, 19:56:55.734, 14850766631387, vstest.console.dll, TestRunRequest:SendTestRunMessage: Starting.
TpTrace Information: 0 : 28192, 6, 2022/05/16, 19:56:55.734, 14850766632568, vstest.console.dll, TestRunRequest:SendTestRunMessage: Completed.
TpTrace Verbose: 0 : 28192, 6, 2022/05/16, 19:56:55.734, 14850766633230, vstest.console.dll, TcpClientExtensions.MessageLoopAsync: Polling on remoteEndPoint: 127.0.0.1:57830 localEndPoint: 127.0.0.1:57829
TpTrace Verbose: 0 : 28192, 6, 2022/05/16, 19:56:55.791, 14850767196502, vstest.console.dll, TcpClientExtensions.MessageLoopAsync: NotifyDataAvailable remoteEndPoint: 127.0.0.1:57830 localEndPoint: 127.0.0.1:57829
TpTrace Verbose: 0 : 28192, 6, 2022/05/16, 19:56:55.791, 14850767197969, vstest.console.dll, TestRequestSender.OnExecutionMessageReceived: Received message: {"Version":5,"MessageType":"TestSession.Message","Payload":{"MessageLevel":0,"Message":"[xUnit.net 00:00:00.79]   Discovered:  Projeto.Unitario.Tests"}}
TpTrace Verbose: 0 : 28192, 6, 2022/05/16, 19:56:55.791, 14850767199541, vstest.console.dll, TestRunRequest:SendTestRunMessage: Starting.
TpTrace Information: 0 : 28192, 6, 2022/05/16, 19:56:55.791, 14850767200574, vstest.console.dll, TestRunRequest:SendTestRunMessage: Completed.
TpTrace Verbose: 0 : 28192, 6, 2022/05/16, 19:56:55.791, 14850767201068, vstest.console.dll, TcpClientExtensions.MessageLoopAsync: Polling on remoteEndPoint: 127.0.0.1:57830 localEndPoint: 127.0.0.1:57829
TpTrace Verbose: 0 : 28192, 6, 2022/05/16, 19:56:55.796, 14850767244734, vstest.console.dll, TcpClientExtensions.MessageLoopAsync: NotifyDataAvailable remoteEndPoint: 127.0.0.1:57830 localEndPoint: 127.0.0.1:57829
TpTrace Verbose: 0 : 28192, 6, 2022/05/16, 19:56:55.796, 14850767248822, vstest.console.dll, TestRequestSender.OnExecutionMessageReceived: Received message: {"Version":5,"MessageType":"TestSession.Message","Payload":{"MessageLevel":0,"Message":"[xUnit.net 00:00:00.79]   Starting:    Projeto.Unitario.Tests"}}
TpTrace Verbose: 0 : 28192, 6, 2022/05/16, 19:56:55.796, 14850767253154, vstest.console.dll, TestRunRequest:SendTestRunMessage: Starting.
TpTrace Information: 0 : 28192, 6, 2022/05/16, 19:56:55.797, 14850767254380, vstest.console.dll, TestRunRequest:SendTestRunMessage: Completed.
TpTrace Verbose: 0 : 28192, 6, 2022/05/16, 19:56:55.797, 14850767255109, vstest.console.dll, TcpClientExtensions.MessageLoopAsync: Polling on remoteEndPoint: 127.0.0.1:57830 localEndPoint: 127.0.0.1:57829
TpTrace Verbose: 0 : 28192, 6, 2022/05/16, 19:56:56.121, 14850770497777, vstest.console.dll, TcpClientExtensions.MessageLoopAsync: NotifyDataAvailable remoteEndPoint: 127.0.0.1:57830 localEndPoint: 127.0.0.1:57829
TpTrace Verbose: 0 : 28192, 6, 2022/05/16, 19:56:56.121, 14850770499066, vstest.console.dll, TestRequestSender.OnExecutionMessageReceived: Received message: {"Version":5,"MessageType":"TestSession.Message","Payload":{"MessageLevel":0,"Message":"[xUnit.net 00:00:01.12]   Finished:    Projeto.Unitario.Tests"}}
TpTrace Verbose: 0 : 28192, 6, 2022/05/16, 19:56:56.121, 14850770500509, vstest.console.dll, TestRunRequest:SendTestRunMessage: Starting.
TpTrace Information: 0 : 28192, 6, 2022/05/16, 19:56:56.121, 14850770501000, vstest.console.dll, TestRunRequest:SendTestRunMessage: Completed.
TpTrace Verbose: 0 : 28192, 6, 2022/05/16, 19:56:56.121, 14850770501364, vstest.console.dll, TcpClientExtensions.MessageLoopAsync: Polling on remoteEndPoint: 127.0.0.1:57830 localEndPoint: 127.0.0.1:57829
TpTrace Verbose: 0 : 28192, 6, 2022/05/16, 19:56:56.174, 14850771031707, vstest.console.dll, TcpClientExtensions.MessageLoopAsync: NotifyDataAvailable remoteEndPoint: 127.0.0.1:57830 localEndPoint: 127.0.0.1:57829
TpTrace Verbose: 0 : 28192, 6, 2022/05/16, 19:56:56.174, 14850771033261, vstest.console.dll, TestRequestSender.OnExecutionMessageReceived: Received message: {"Version":5,"MessageType":"TestExecution.Completed","Payload":{"TestRunCompleteArgs":{"TestRunStatistics":{"ExecutedTests":6,"Stats":{"Passed":6}},"IsCanceled":false,"IsAborted":false,"Error":null,"AttachmentSets":[],"ElapsedTimeInRunningTests":"00:00:01.1401851","Metrics":{}},"LastRunTests":{"NewTestResults":[{"TestCase":{"Id":"8fa42340-9f23-e4a6-e7d5-729ff3b7c45d","FullyQualifiedName":"Projeto.Unitario.Tests.BaseRepositoryTests.Quando_tipo_acao_obter_cliente","DisplayName":"ObterCliente","ExecutorUri":"executor://xunit/VsTestRunner2/netcoreapp","Source":"C:\\Users\\atylla.cruz\\source\\repos\\Project.Metodista\\Projeto.Unitario.Tests\\bin\\Debug\\net5.0\\fine-code-coverage\\build-output\\Projeto.Unitario.Tests.dll","CodeFilePath":null,"LineNumber":0,"Properties":[]},"Attachments":[],"Outcome":1,"ErrorMessage":null,"ErrorStackTrace":null,"DisplayName":"ObterCliente","Messages":[],"ComputerName":"GMEPN002491","Duration":"00:00:00.1856527","StartTime":"2022-05-16T22:56:56.072721+00:00","EndTime":"2022-05-16T22:56:56.0728156+00:00","Properties":[]},{"TestCase":{"Id":"b68f8d63-5d02-ef24-95f8-6e8300124ebe","FullyQualifiedName":"Projeto.Unitario.Tests.BaseRepositoryTests.Quando_tipo_acao_obter_aplicacao","DisplayName":"Aplicacao","ExecutorUri":"executor://xunit/VsTestRunner2/netcoreapp","Source":"C:\\Users\\atylla.cruz\\source\\repos\\Project.Metodista\\Projeto.Unitario.Tests\\bin\\Debug\\net5.0\\fine-code-coverage\\build-output\\Projeto.Unitario.Tests.dll","CodeFilePath":null,"LineNumber":0,"Properties":[]},"Attachments":[],"Outcome":1,"ErrorMessage":null,"ErrorStackTrace":null,"DisplayName":"Aplicacao","Messages":[],"ComputerName":"GMEPN002491","Duration":"00:00:00.0014737","StartTime":"2022-05-16T22:56:56.1040174+00:00","EndTime":"2022-05-16T22:56:56.1040188+00:00","Properties":[]},{"TestCase":{"Id":"21b78b2d-65f9-99c8-b0c0-57a15fccf00b","FullyQualifiedName":"Projeto.Unitario.Tests.BaseRepositoryTests.Quando_tipo_acao_saque_deve_diminuir_valor_conta","DisplayName":"Saque","ExecutorUri":"executor://xunit/VsTestRunner2/netcoreapp","Source":"C:\\Users\\atylla.cruz\\source\\repos\\Project.Metodista\\Projeto.Unitario.Tests\\bin\\Debug\\net5.0\\fine-code-coverage\\build-output\\Projeto.Unitario.Tests.dll","CodeFilePath":null,"LineNumber":0,"Properties":[]},"Attachments":[],"Outcome":1,"ErrorMessage":null,"ErrorStackTrace":null,"DisplayName":"Saque","Messages":[],"ComputerName":"GMEPN002491","Duration":"00:00:00.0011757","StartTime":"2022-05-16T22:56:56.1061456+00:00","EndTime":"2022-05-16T22:56:56.1061467+00:00","Properties":[]},{"TestCase":{"Id":"f64709d0-44c7-6b30-6402-02beaa404a6d","FullyQualifiedName":"Projeto.Unitario.Tests.BaseRepositoryTests.Quando_tipo_acao_deposito_deve_aumentar_valor_conta","DisplayName":"Deposito","ExecutorUri":"executor://xunit/VsTestRunner2/netcoreapp","Source":"C:\\Users\\atylla.cruz\\source\\repos\\Project.Metodista\\Projeto.Unitario.Tests\\bin\\Debug\\net5.0\\fine-code-coverage\\build-output\\Projeto.Unitario.Tests.dll","CodeFilePath":null,"LineNumber":0,"Properties":[]},"Attachments":[],"Outcome":1,"ErrorMessage":null,"ErrorStackTrace":null,"DisplayName":"Deposito","Messages":[],"ComputerName":"GMEPN002491","Duration":"00:00:00.0008678","StartTime":"2022-05-16T22:56:56.1089967+00:00","EndTime":"2022-05-16T22:56:56.108998+00:00","Properties":[]},{"TestCase":{"Id":"460ca641-18ad-e863-5bec-64acba8fdfa4","FullyQualifiedName":"Projeto.Unitario.Tests.BaseRepositoryTests.Quando_tipo_acao_aplicacao_rendimento_deve_aplicar_conta","DisplayName":"Rendimento","ExecutorUri":"executor://xunit/VsTestRunner2/netcoreapp","Source":"C:\\Users\\atylla.cruz\\source\\repos\\Project.Metodista\\Projeto.Unitario.Tests\\bin\\Debug\\net5.0\\fine-code-coverage\\build-output\\Projeto.Unitario.Tests.dll","CodeFilePath":null,"LineNumber":0,"Properties":[]},"Attachments":[],"Outcome":1,"ErrorMessage":null,"ErrorStackTrace":null,"DisplayName":"Rendimento","Messages":[],"ComputerName":"GMEPN002491","Duration":"00:00:00.0009432","StartTime":"2022-05-16T22:56:56.110987+00:00","EndTime":"2022-05-16T22:56:56.1109883+00:00","Properties":[]},{"TestCase":{"Id":"e825e9d1-c9b3-4898-4e89-756e1baca93c","FullyQualifiedName":"Projeto.Unitario.Tests.BaseRepositoryTests.Quando_tipo_acao_cadastro_deve_cadastrar_cliente","DisplayName":"Cadastro","ExecutorUri":"executor://xunit/VsTestRunner2/netcoreapp","Source":"C:\\Users\\atylla.cruz\\source\\repos\\Project.Metodista\\Projeto.Unitario.Tests\\bin\\Debug\\net5.0\\fine-code-coverage\\build-output\\Projeto.Unitario.Tests.dll","CodeFilePath":null,"LineNumber":0,"Properties":[]},"Attachments":[],"Outcome":1,"ErrorMessage":null,"ErrorStackTrace":null,"DisplayName":"Cadastro","Messages":[],"ComputerName":"GMEPN002491","Duration":"00:00:00.0006162","StartTime":"2022-05-16T22:56:56.1188922+00:00","EndTime":"2022-05-16T22:56:56.1188941+00:00","Properties":[]}],"TestRunStatistics":{"ExecutedTests":6,"Stats":{"Passed":6}},"ActiveTests":[]},"RunAttachments":[],"ExecutorUris":["executor://xunit/VsTestRunner2/netcoreapp"]}}
TpTrace Verbose: 0 : 28192, 6, 2022/05/16, 19:56:56.177, 14850771060812, vstest.console.dll, TestRequestSender.EndSession: Sending end session.
TpTrace Verbose: 0 : 28192, 6, 2022/05/16, 19:56:56.177, 14850771062389, vstest.console.dll, ProxyOperationManager.Close: waiting for test host to exit for 100 ms
TpTrace Warning: 0 : 28192, 10, 2022/05/16, 19:56:56.218, 14850771470079, vstest.console.dll, TestHostManagerCallbacks.ErrorReceivedCallback Test host standard error line: 
TpTrace Verbose: 0 : 28192, 7, 2022/05/16, 19:56:56.229, 14850771582764, vstest.console.dll, TestHostProvider.ExitCallBack: Host exited starting callback.
TpTrace Information: 0 : 28192, 7, 2022/05/16, 19:56:56.230, 14850771589519, vstest.console.dll, TestHostManagerCallbacks.ExitCallBack: Testhost processId: 3920 exited with exitcode: 0 error: ''
TpTrace Verbose: 0 : 28192, 7, 2022/05/16, 19:56:56.230, 14850771590169, vstest.console.dll, DotnetTestHostManager.OnHostExited: invoking OnHostExited callback
TpTrace Verbose: 0 : 28192, 7, 2022/05/16, 19:56:56.230, 14850771590589, vstest.console.dll, CrossPlatEngine.TestHostManagerHostExited: calling on client process exit callback.
TpTrace Information: 0 : 28192, 7, 2022/05/16, 19:56:56.230, 14850771591363, vstest.console.dll, TestRequestSender.OnClientProcessExit: Test host process exited. Standard error: 
TpTrace Warning: 0 : 28192, 6, 2022/05/16, 19:56:56.230, 14850771591478, vstest.console.dll, ProxyOperationManager: Timed out waiting for test host to exit. Will terminate process.
TpTrace Information: 0 : 28192, 7, 2022/05/16, 19:56:56.230, 14850771591795, vstest.console.dll, SocketServer.Stop: Stop server endPoint: 127.0.0.1:57829
TpTrace Information: 0 : 28192, 7, 2022/05/16, 19:56:56.230, 14850771593097, vstest.console.dll, SocketServer.Stop: Cancellation requested. Stopping message loop.
TpTrace Verbose: 0 : 28192, 6, 2022/05/16, 19:56:56.231, 14850771599140, vstest.console.dll, ProxyDataCollectionManager.InvokeDataCollectionServiceAction: Starting.
TpTrace Information: 0 : 28192, 6, 2022/05/16, 19:56:56.231, 14850771599678, vstest.console.dll, ProxyDataCollectionManager.AfterTestRunEnd: Get attachment set for datacollector processId: 26084 port: 57825
TpTrace Verbose: 0 : 28192, 6, 2022/05/16, 19:56:56.231, 14850771600109, vstest.console.dll, DataCollectionRequestSender.SendAfterTestRunStartAndGetResult : Send AfterTestRunEnd message with isCancelled: False
TpTrace Verbose: 0 : 28192, 6, 2022/05/16, 19:56:56.236, 14850771644153, vstest.console.dll, DataCollectionRequestSender.SendAfterTestRunStartAndGetResult : Received message: (DataCollection.AfterTestRunEndResult) -> {
  "AttachmentSets": [],
  "Metrics": {}
}
TpTrace Information: 0 : 28192, 6, 2022/05/16, 19:56:56.240, 14850771685010, vstest.console.dll, ProxyDataCollectionManager.InvokeDataCollectionServiceAction: Completed.
TpTrace Warning: 0 : 28192, 9, 2022/05/16, 19:56:56.240, 14850771690685, vstest.console.dll, DataCollectionLauncher.ErrorReceivedCallback datacollector standard error line: 
TpTrace Information: 0 : 28192, 7, 2022/05/16, 19:56:56.245, 14850771741512, vstest.console.dll, DataCollectionLauncher.ExitCallBack: Data collector exited with exitcode: 0 error: ''
TpTrace Verbose: 0 : 28192, 6, 2022/05/16, 19:56:56.297, 14850772256859, vstest.console.dll, TestRunRequest:SendTestRunStatsChange: Starting.
TpTrace Information: 0 : 28192, 6, 2022/05/16, 19:56:56.297, 14850772259646, vstest.console.dll, TestRunRequest:SendTestRunStatsChange: Completed.
TpTrace Verbose: 0 : 28192, 6, 2022/05/16, 19:56:56.297, 14850772261653, vstest.console.dll, ParallelProxyExecutionManager: HandlePartialRunComplete: Total completed clients = 1, Run complete = True, Run canceled: False.
TpTrace Verbose: 0 : 28192, 6, 2022/05/16, 19:56:56.328, 14850772566084, vstest.console.dll, TestRunRequest:TestRunComplete: Starting. IsAborted:False IsCanceled:False.
TpTrace Verbose: 0 : 28192, 6, 2022/05/16, 19:56:56.328, 14850772567964, vstest.console.dll, TestLoggerManager.HandleTestRunComplete: Ignoring as the object is disposed.
TpTrace Information: 0 : 28192, 6, 2022/05/16, 19:56:56.328, 14850772571481, vstest.console.dll, TestRunRequest:TestRunComplete: Completed.
TpTrace Verbose: 0 : 28192, 6, 2022/05/16, 19:56:56.328, 14850772572011, vstest.console.dll, TestRequestSender.SetOperationComplete: Setting operation complete.
TpTrace Verbose: 0 : 28192, 1, 2022/05/16, 19:56:56.328, 14850772572013, vstest.console.dll, TestRunRequest.Dispose: Starting.
TpTrace Information: 0 : 28192, 1, 2022/05/16, 19:56:56.328, 14850772573008, vstest.console.dll, TestRunRequest.Dispose: Completed.
TpTrace Information: 0 : 28192, 6, 2022/05/16, 19:56:56.328, 14850772572376, vstest.console.dll, SocketServer.Stop: Stop server endPoint: 127.0.0.1:57829
TpTrace Information: 0 : 28192, 1, 2022/05/16, 19:56:56.328, 14850772573466, vstest.console.dll, TestRequestManager.RunTests: run tests completed.
TpTrace Information: 0 : 28192, 1, 2022/05/16, 19:56:56.329, 14850772574319, vstest.console.dll, RunTestsArgumentProcessor:Execute: Test run is completed.
TpTrace Information: 0 : 28192, 6, 2022/05/16, 19:56:56.329, 14850772574411, vstest.console.dll, SocketServer.Stop: Cancellation requested. Stopping message loop.
TpTrace Information: 0 : 28192, 6, 2022/05/16, 19:56:56.329, 14850772575628, vstest.console.dll, SocketServer.PrivateStop: Stop server endPoint: 127.0.0.1:57829 error: 
TpTrace Verbose: 0 : 28192, 1, 2022/05/16, 19:56:56.329, 14850772576971, vstest.console.dll, Executor.Execute: Exiting with exit code of 0
TpTrace Verbose: 0 : 28192, 6, 2022/05/16, 19:56:56.330, 14850772583815, vstest.console.dll, LengthPrefixCommunicationChannel.Dispose: Dispose reader and writer.
